<?xml version="1.0" encoding="UTF-8"?>
<testsuite xmlns:xsi="http://www.w3.org/2001/XMLSchema-instance" xsi:noNamespaceSchemaLocation="https://maven.apache.org/surefire/maven-surefire-plugin/xsd/surefire-test-report-3.0.xsd" version="3.0" name="TestSuite" time="0.431" tests="1" errors="0" skipped="0" failures="1">
  <properties>
    <property name="surefire.suiteXmlFiles" value="src/main/resources/test-suite/regression.xml"/>
    <property name="java.specification.version" value="16"/>
    <property name="sun.cpu.isalist" value="amd64"/>
    <property name="sun.jnu.encoding" value="Cp1252"/>
    <property name="java.class.path" value="D:\Study\automation-testing\k3-mobile-automation-learning\target\test-classes;D:\Study\automation-testing\k3-mobile-automation-learning\target\classes;C:\Users\thinh\.m2\repository\io\appium\java-client\7.6.0\java-client-7.6.0.jar;C:\Users\thinh\.m2\repository\org\seleniumhq\selenium\selenium-java\3.141.59\selenium-java-3.141.59.jar;C:\Users\thinh\.m2\repository\org\seleniumhq\selenium\selenium-chrome-driver\3.141.59\selenium-chrome-driver-3.141.59.jar;C:\Users\thinh\.m2\repository\org\seleniumhq\selenium\selenium-edge-driver\3.141.59\selenium-edge-driver-3.141.59.jar;C:\Users\thinh\.m2\repository\org\seleniumhq\selenium\selenium-firefox-driver\3.141.59\selenium-firefox-driver-3.141.59.jar;C:\Users\thinh\.m2\repository\org\seleniumhq\selenium\selenium-ie-driver\3.141.59\selenium-ie-driver-3.141.59.jar;C:\Users\thinh\.m2\repository\org\seleniumhq\selenium\selenium-opera-driver\3.141.59\selenium-opera-driver-3.141.59.jar;C:\Users\thinh\.m2\repository\org\seleniumhq\selenium\selenium-remote-driver\3.141.59\selenium-remote-driver-3.141.59.jar;C:\Users\thinh\.m2\repository\org\seleniumhq\selenium\selenium-safari-driver\3.141.59\selenium-safari-driver-3.141.59.jar;C:\Users\thinh\.m2\repository\net\bytebuddy\byte-buddy\1.8.15\byte-buddy-1.8.15.jar;C:\Users\thinh\.m2\repository\org\apache\commons\commons-exec\1.3\commons-exec-1.3.jar;C:\Users\thinh\.m2\repository\com\squareup\okhttp3\okhttp\3.11.0\okhttp-3.11.0.jar;C:\Users\thinh\.m2\repository\com\squareup\okio\okio\1.14.0\okio-1.14.0.jar;C:\Users\thinh\.m2\repository\org\seleniumhq\selenium\selenium-support\3.141.59\selenium-support-3.141.59.jar;C:\Users\thinh\.m2\repository\org\seleniumhq\selenium\selenium-api\3.141.59\selenium-api-3.141.59.jar;C:\Users\thinh\.m2\repository\com\google\code\gson\gson\2.8.8\gson-2.8.8.jar;C:\Users\thinh\.m2\repository\org\apache\httpcomponents\httpclient\4.5.13\httpclient-4.5.13.jar;C:\Users\thinh\.m2\repository\org\apache\httpcomponents\httpcore\4.4.13\httpcore-4.4.13.jar;C:\Users\thinh\.m2\repository\commons-logging\commons-logging\1.2\commons-logging-1.2.jar;C:\Users\thinh\.m2\repository\commons-codec\commons-codec\1.11\commons-codec-1.11.jar;C:\Users\thinh\.m2\repository\cglib\cglib\3.3.0\cglib-3.3.0.jar;C:\Users\thinh\.m2\repository\org\ow2\asm\asm\7.1\asm-7.1.jar;C:\Users\thinh\.m2\repository\commons-validator\commons-validator\1.7\commons-validator-1.7.jar;C:\Users\thinh\.m2\repository\commons-beanutils\commons-beanutils\1.9.4\commons-beanutils-1.9.4.jar;C:\Users\thinh\.m2\repository\commons-digester\commons-digester\2.1\commons-digester-2.1.jar;C:\Users\thinh\.m2\repository\commons-collections\commons-collections\3.2.2\commons-collections-3.2.2.jar;C:\Users\thinh\.m2\repository\org\springframework\spring-context\5.3.10\spring-context-5.3.10.jar;C:\Users\thinh\.m2\repository\org\springframework\spring-aop\5.3.10\spring-aop-5.3.10.jar;C:\Users\thinh\.m2\repository\org\springframework\spring-beans\5.3.10\spring-beans-5.3.10.jar;C:\Users\thinh\.m2\repository\org\springframework\spring-core\5.3.10\spring-core-5.3.10.jar;C:\Users\thinh\.m2\repository\org\springframework\spring-jcl\5.3.10\spring-jcl-5.3.10.jar;C:\Users\thinh\.m2\repository\org\springframework\spring-expression\5.3.10\spring-expression-5.3.10.jar;C:\Users\thinh\.m2\repository\org\aspectj\aspectjweaver\1.9.7\aspectjweaver-1.9.7.jar;C:\Users\thinh\.m2\repository\org\slf4j\slf4j-api\1.7.32\slf4j-api-1.7.32.jar;C:\Users\thinh\.m2\repository\org\apache\commons\commons-lang3\3.12.0\commons-lang3-3.12.0.jar;C:\Users\thinh\.m2\repository\commons-io\commons-io\2.11.0\commons-io-2.11.0.jar;C:\Users\thinh\.m2\repository\com\google\guava\guava\31.0.1-jre\guava-31.0.1-jre.jar;C:\Users\thinh\.m2\repository\com\google\guava\failureaccess\1.0.1\failureaccess-1.0.1.jar;C:\Users\thinh\.m2\repository\com\google\guava\listenablefuture\9999.0-empty-to-avoid-conflict-with-guava\listenablefuture-9999.0-empty-to-avoid-conflict-with-guava.jar;C:\Users\thinh\.m2\repository\com\google\code\findbugs\jsr305\3.0.2\jsr305-3.0.2.jar;C:\Users\thinh\.m2\repository\org\checkerframework\checker-qual\3.12.0\checker-qual-3.12.0.jar;C:\Users\thinh\.m2\repository\com\google\errorprone\error_prone_annotations\2.7.1\error_prone_annotations-2.7.1.jar;C:\Users\thinh\.m2\repository\com\google\j2objc\j2objc-annotations\1.3\j2objc-annotations-1.3.jar;C:\Users\thinh\.m2\repository\org\testng\testng\7.4.0\testng-7.4.0.jar;C:\Users\thinh\.m2\repository\com\beust\jcommander\1.78\jcommander-1.78.jar;C:\Users\thinh\.m2\repository\org\webjars\jquery\3.5.1\jquery-3.5.1.jar;"/>
    <property name="java.vm.vendor" value="Oracle Corporation"/>
    <property name="sun.arch.data.model" value="64"/>
    <property name="user.variant" value=""/>
    <property name="java.vendor.url" value="https://java.oracle.com/"/>
    <property name="user.timezone" value="Asia/Saigon"/>
    <property name="os.name" value="Windows 10"/>
    <property name="java.vm.specification.version" value="16"/>
    <property name="sun.java.launcher" value="SUN_STANDARD"/>
    <property name="user.country" value="US"/>
    <property name="sun.boot.library.path" value="C:\Program Files\Java\jdk-16.0.1\bin"/>
    <property name="sun.java.command" value="C:\Users\thinh\AppData\Local\Temp\surefire15510524754933026792\surefirebooter2776584631850902595.jar C:\Users\thinh\AppData\Local\Temp\surefire15510524754933026792 2021-12-14T20-56-20_481-jvmRun1 surefire1463025963530900080tmp surefire_01490355214634216212tmp"/>
    <property name="jdk.debug" value="release"/>
    <property name="surefire.test.class.path" value="D:\Study\automation-testing\k3-mobile-automation-learning\target\test-classes;D:\Study\automation-testing\k3-mobile-automation-learning\target\classes;C:\Users\thinh\.m2\repository\io\appium\java-client\7.6.0\java-client-7.6.0.jar;C:\Users\thinh\.m2\repository\org\seleniumhq\selenium\selenium-java\3.141.59\selenium-java-3.141.59.jar;C:\Users\thinh\.m2\repository\org\seleniumhq\selenium\selenium-chrome-driver\3.141.59\selenium-chrome-driver-3.141.59.jar;C:\Users\thinh\.m2\repository\org\seleniumhq\selenium\selenium-edge-driver\3.141.59\selenium-edge-driver-3.141.59.jar;C:\Users\thinh\.m2\repository\org\seleniumhq\selenium\selenium-firefox-driver\3.141.59\selenium-firefox-driver-3.141.59.jar;C:\Users\thinh\.m2\repository\org\seleniumhq\selenium\selenium-ie-driver\3.141.59\selenium-ie-driver-3.141.59.jar;C:\Users\thinh\.m2\repository\org\seleniumhq\selenium\selenium-opera-driver\3.141.59\selenium-opera-driver-3.141.59.jar;C:\Users\thinh\.m2\repository\org\seleniumhq\selenium\selenium-remote-driver\3.141.59\selenium-remote-driver-3.141.59.jar;C:\Users\thinh\.m2\repository\org\seleniumhq\selenium\selenium-safari-driver\3.141.59\selenium-safari-driver-3.141.59.jar;C:\Users\thinh\.m2\repository\net\bytebuddy\byte-buddy\1.8.15\byte-buddy-1.8.15.jar;C:\Users\thinh\.m2\repository\org\apache\commons\commons-exec\1.3\commons-exec-1.3.jar;C:\Users\thinh\.m2\repository\com\squareup\okhttp3\okhttp\3.11.0\okhttp-3.11.0.jar;C:\Users\thinh\.m2\repository\com\squareup\okio\okio\1.14.0\okio-1.14.0.jar;C:\Users\thinh\.m2\repository\org\seleniumhq\selenium\selenium-support\3.141.59\selenium-support-3.141.59.jar;C:\Users\thinh\.m2\repository\org\seleniumhq\selenium\selenium-api\3.141.59\selenium-api-3.141.59.jar;C:\Users\thinh\.m2\repository\com\google\code\gson\gson\2.8.8\gson-2.8.8.jar;C:\Users\thinh\.m2\repository\org\apache\httpcomponents\httpclient\4.5.13\httpclient-4.5.13.jar;C:\Users\thinh\.m2\repository\org\apache\httpcomponents\httpcore\4.4.13\httpcore-4.4.13.jar;C:\Users\thinh\.m2\repository\commons-logging\commons-logging\1.2\commons-logging-1.2.jar;C:\Users\thinh\.m2\repository\commons-codec\commons-codec\1.11\commons-codec-1.11.jar;C:\Users\thinh\.m2\repository\cglib\cglib\3.3.0\cglib-3.3.0.jar;C:\Users\thinh\.m2\repository\org\ow2\asm\asm\7.1\asm-7.1.jar;C:\Users\thinh\.m2\repository\commons-validator\commons-validator\1.7\commons-validator-1.7.jar;C:\Users\thinh\.m2\repository\commons-beanutils\commons-beanutils\1.9.4\commons-beanutils-1.9.4.jar;C:\Users\thinh\.m2\repository\commons-digester\commons-digester\2.1\commons-digester-2.1.jar;C:\Users\thinh\.m2\repository\commons-collections\commons-collections\3.2.2\commons-collections-3.2.2.jar;C:\Users\thinh\.m2\repository\org\springframework\spring-context\5.3.10\spring-context-5.3.10.jar;C:\Users\thinh\.m2\repository\org\springframework\spring-aop\5.3.10\spring-aop-5.3.10.jar;C:\Users\thinh\.m2\repository\org\springframework\spring-beans\5.3.10\spring-beans-5.3.10.jar;C:\Users\thinh\.m2\repository\org\springframework\spring-core\5.3.10\spring-core-5.3.10.jar;C:\Users\thinh\.m2\repository\org\springframework\spring-jcl\5.3.10\spring-jcl-5.3.10.jar;C:\Users\thinh\.m2\repository\org\springframework\spring-expression\5.3.10\spring-expression-5.3.10.jar;C:\Users\thinh\.m2\repository\org\aspectj\aspectjweaver\1.9.7\aspectjweaver-1.9.7.jar;C:\Users\thinh\.m2\repository\org\slf4j\slf4j-api\1.7.32\slf4j-api-1.7.32.jar;C:\Users\thinh\.m2\repository\org\apache\commons\commons-lang3\3.12.0\commons-lang3-3.12.0.jar;C:\Users\thinh\.m2\repository\commons-io\commons-io\2.11.0\commons-io-2.11.0.jar;C:\Users\thinh\.m2\repository\com\google\guava\guava\31.0.1-jre\guava-31.0.1-jre.jar;C:\Users\thinh\.m2\repository\com\google\guava\failureaccess\1.0.1\failureaccess-1.0.1.jar;C:\Users\thinh\.m2\repository\com\google\guava\listenablefuture\9999.0-empty-to-avoid-conflict-with-guava\listenablefuture-9999.0-empty-to-avoid-conflict-with-guava.jar;C:\Users\thinh\.m2\repository\com\google\code\findbugs\jsr305\3.0.2\jsr305-3.0.2.jar;C:\Users\thinh\.m2\repository\org\checkerframework\checker-qual\3.12.0\checker-qual-3.12.0.jar;C:\Users\thinh\.m2\repository\com\google\errorprone\error_prone_annotations\2.7.1\error_prone_annotations-2.7.1.jar;C:\Users\thinh\.m2\repository\com\google\j2objc\j2objc-annotations\1.3\j2objc-annotations-1.3.jar;C:\Users\thinh\.m2\repository\org\testng\testng\7.4.0\testng-7.4.0.jar;C:\Users\thinh\.m2\repository\com\beust\jcommander\1.78\jcommander-1.78.jar;C:\Users\thinh\.m2\repository\org\webjars\jquery\3.5.1\jquery-3.5.1.jar;"/>
    <property name="sun.cpu.endian" value="little"/>
    <property name="user.home" value="C:\Users\thinh"/>
    <property name="user.language" value="en"/>
    <property name="java.specification.vendor" value="Oracle Corporation"/>
    <property name="java.version.date" value="2021-04-20"/>
    <property name="java.home" value="C:\Program Files\Java\jdk-16.0.1"/>
    <property name="file.separator" value="\"/>
    <property name="basedir" value="D:\Study\automation-testing\k3-mobile-automation-learning"/>
    <property name="java.vm.compressedOopsMode" value="Zero based"/>
    <property name="line.separator" value="&#10;"/>
    <property name="java.vm.specification.vendor" value="Oracle Corporation"/>
    <property name="java.specification.name" value="Java Platform API Specification"/>
    <property name="surefire.real.class.path" value="C:\Users\thinh\AppData\Local\Temp\surefire15510524754933026792\surefirebooter2776584631850902595.jar"/>
    <property name="user.script" value=""/>
    <property name="sun.management.compiler" value="HotSpot 64-Bit Tiered Compilers"/>
    <property name="java.runtime.version" value="16.0.1+9-24"/>
    <property name="user.name" value="thinh"/>
    <property name="path.separator" value=";"/>
    <property name="os.version" value="10.0"/>
    <property name="java.runtime.name" value="Java(TM) SE Runtime Environment"/>
    <property name="file.encoding" value="Cp1252"/>
    <property name="java.vm.name" value="Java HotSpot(TM) 64-Bit Server VM"/>
    <property name="localRepository" value="C:\Users\thinh\.m2\repository"/>
    <property name="java.vendor.url.bug" value="https://bugreport.java.com/bugreport/"/>
    <property name="java.io.tmpdir" value="C:\Users\thinh\AppData\Local\Temp\"/>
    <property name="idea.version" value="2021.2.3"/>
    <property name="java.version" value="16.0.1"/>
    <property name="user.dir" value="D:\Study\automation-testing\k3-mobile-automation-learning"/>
    <property name="os.arch" value="amd64"/>
    <property name="java.vm.specification.name" value="Java Virtual Machine Specification"/>
    <property name="sun.os.patch.level" value=""/>
    <property name="java.library.path" value="C:\Program Files\Java\jdk-16.0.1\bin;C:\WINDOWS\Sun\Java\bin;C:\WINDOWS\system32;C:\WINDOWS;C:\Program Files\Common Files\Oracle\Java\javapath;C:\Windows\system32;C:\Windows;C:\Windows\System32\Wbem;C:\Windows\System32\WindowsPowerShell\v1.0\;C:\Windows\System32\OpenSSH\;C:\Program Files (x86)\NVIDIA Corporation\PhysX\Common;C:\Program Files\NVIDIA Corporation\NVIDIA NvDLISR;C:\WINDOWS\system32;C:\WINDOWS;C:\WINDOWS\System32\Wbem;C:\WINDOWS\System32\WindowsPowerShell\v1.0\;C:\WINDOWS\System32\OpenSSH\;C:\Program Files\nodejs\;C:\Program Files\Java\jdk-16.0.1\bin;C:\Program Files\Git\cmd;D:\Program Files\allure-2.13.9\bin;C:\Program Files\apache-maven-3.8.4\bin;C:\Users\thinh\AppData\Local\Android\Sdk\platform-tools;C:\Users\thinh\AppData\Local\Programs\Python\Python310;C:\Users\thinh\AppData\Local\Programs\Python\Python310\Scripts;C:\Users\thinh\AppData\Local\Microsoft\WindowsApps;;C:\Users\thinh\AppData\Local\Programs\Microsoft VS Code\bin;C:\Program Files\JetBrains\IntelliJ IDEA Community Edition 2021.2.3\bin;;C:\Users\thinh\AppData\Roaming\npm;."/>
    <property name="java.vm.info" value="mixed mode, sharing"/>
    <property name="java.vendor" value="Oracle Corporation"/>
    <property name="java.vm.version" value="16.0.1+9-24"/>
    <property name="sun.io.unicode.encoding" value="UnicodeLittle"/>
    <property name="java.class.version" value="60.0"/>
  </properties>
  <testcase name="loginWithCorrectCred" classname="test.authentication.LoginPageTest" time="0.31">
    <failure message="&#10;Cannot inject @Test annotated Method [loginWithCorrectCred] with [class [Ljava.lang.String;].&#10;For more information on native dependency injection please refer to https://testng.org/doc/documentation-main.html#native-dependency-injection" type="org.testng.TestNGException"><![CDATA[org.testng.TestNGException: 

Cannot inject @Test annotated Method [loginWithCorrectCred] with [class [Ljava.lang.String;].
For more information on native dependency injection please refer to https://testng.org/doc/documentation-main.html#native-dependency-injection
]]></failure>
    <system-err><![CDATA[[Utils] [ERROR] [Error] org.testng.TestNGException: 
Cannot inject @Test annotated Method [loginWithCorrectCred] with [class [Ljava.lang.String;].
For more information on native dependency injection please refer to https://testng.org/doc/documentation-main.html#native-dependency-injection
	at org.testng.internal.Parameters.checkParameterTypes(Parameters.java:439)
	at org.testng.internal.Parameters.createParametersForMethod(Parameters.java:353)
	at org.testng.internal.Parameters.createParameters(Parameters.java:708)
	at org.testng.internal.Parameters.handleParameters(Parameters.java:884)
	at org.testng.internal.Parameters.handleParameters(Parameters.java:740)
	at org.testng.internal.ParameterHandler.handleParameters(ParameterHandler.java:59)
	at org.testng.internal.ParameterHandler.createParameters(ParameterHandler.java:38)
	at org.testng.internal.TestInvoker$MethodInvocationAgent.invoke(TestInvoker.java:791)
	at org.testng.internal.TestInvoker.invokeTestMethods(TestInvoker.java:146)
	at org.testng.internal.TestMethodWorker.invokeTestMethods(TestMethodWorker.java:146)
	at org.testng.internal.TestMethodWorker.run(TestMethodWorker.java:128)
	at java.base/java.util.ArrayList.forEach(ArrayList.java:1511)
	at org.testng.TestRunner.privateRun(TestRunner.java:794)
	at org.testng.TestRunner.run(TestRunner.java:596)
	at org.testng.SuiteRunner.runTest(SuiteRunner.java:377)
	at org.testng.SuiteRunner.runSequentially(SuiteRunner.java:371)
	at org.testng.SuiteRunner.privateRun(SuiteRunner.java:332)
	at org.testng.SuiteRunner.run(SuiteRunner.java:276)
	at org.testng.SuiteRunnerWorker.runSuite(SuiteRunnerWorker.java:53)
	at org.testng.SuiteRunnerWorker.run(SuiteRunnerWorker.java:96)
	at org.testng.TestNG.runSuitesSequentially(TestNG.java:1212)
	at org.testng.TestNG.runSuitesLocally(TestNG.java:1134)
	at org.testng.TestNG.runSuites(TestNG.java:1063)
	at org.testng.TestNG.run(TestNG.java:1031)
	at org.apache.maven.surefire.testng.TestNGExecutor.run(TestNGExecutor.java:284)
	at org.apache.maven.surefire.testng.TestNGXmlTestSuite.execute(TestNGXmlTestSuite.java:75)
	at org.apache.maven.surefire.testng.TestNGProvider.invoke(TestNGProvider.java:119)
	at org.apache.maven.surefire.booter.ForkedBooter.runSuitesInProcess(ForkedBooter.java:428)
	at org.apache.maven.surefire.booter.ForkedBooter.execute(ForkedBooter.java:162)
	at org.apache.maven.surefire.booter.ForkedBooter.run(ForkedBooter.java:562)
	at org.apache.maven.surefire.booter.ForkedBooter.main(ForkedBooter.java:548)

]]></system-err>
  </testcase>
</testsuite>